<?xml version="1.0" encoding="utf-8"?><testsuites name="pytest tests"><testsuite name="pytest" errors="0" failures="0" skipped="0" tests="131" time="10.613" timestamp="2026-09-11T15:00:09.188107+02:00" hostname="edgepi"><testcase classname="tests.test_prepare_pilot_dataset" name="test_crop_uses_command_origin_and_exact_half_open_bounds" time="0.008" /><testcase classname="tests.test_prepare_pilot_dataset" name="test_windows_preserve_source_rows_and_do_not_overlap" time="0.006" /><testcase classname="tests.test_prepare_pilot_dataset" name="test_ac_is_translation_invariant_and_centered_per_window_and_axis" time="0.007" /><testcase classname="tests.test_prepare_pilot_dataset" name="test_ac_centering_precedes_float32_quantization" time="0.003" /><testcase classname="tests.test_prepare_pilot_dataset" name="test_invalid_time_or_sample_sequence_is_rejected[duplicate_host]" time="0.002" /><testcase classname="tests.test_prepare_pilot_dataset" name="test_invalid_time_or_sample_sequence_is_rejected[reversed_host]" time="0.002" /><testcase classname="tests.test_prepare_pilot_dataset" name="test_invalid_time_or_sample_sequence_is_rejected[missing_index]" time="0.003" /><testcase classname="tests.test_prepare_pilot_dataset" name="test_invalid_time_or_sample_sequence_is_rejected[duplicate_index]" time="0.004" /><testcase classname="tests.test_prepare_pilot_dataset" name="test_nonfinite_axis_values_are_rejected[nan-x_g]" time="0.004" /><testcase classname="tests.test_prepare_pilot_dataset" name="test_nonfinite_axis_values_are_rejected[nan-y_g]" time="0.002" /><testcase classname="tests.test_prepare_pilot_dataset" name="test_nonfinite_axis_values_are_rejected[nan-z_g]" time="0.002" /><testcase classname="tests.test_prepare_pilot_dataset" name="test_nonfinite_axis_values_are_rejected[inf-x_g]" time="0.002" /><testcase classname="tests.test_prepare_pilot_dataset" name="test_nonfinite_axis_values_are_rejected[inf-y_g]" time="0.002" /><testcase classname="tests.test_prepare_pilot_dataset" name="test_nonfinite_axis_values_are_rejected[inf-z_g]" time="0.002" /><testcase classname="tests.test_prepare_pilot_dataset" name="test_nonfinite_axis_values_are_rejected[-inf-x_g]" time="0.002" /><testcase classname="tests.test_prepare_pilot_dataset" name="test_nonfinite_axis_values_are_rejected[-inf-y_g]" time="0.002" /><testcase classname="tests.test_prepare_pilot_dataset" name="test_nonfinite_axis_values_are_rejected[-inf-z_g]" time="0.003" /><testcase classname="tests.test_prepare_pilot_dataset" name="test_missing_complete_window_is_rejected[0]" time="0.004" /><testcase classname="tests.test_prepare_pilot_dataset" name="test_missing_complete_window_is_rejected[1]" time="0.003" /><testcase classname="tests.test_prepare_pilot_dataset" name="test_missing_complete_window_is_rejected[127]" time="0.003" /><testcase classname="tests.test_prepare_pilot_dataset" name="test_empty_command_relative_selection_is_rejected" time="0.003" /><testcase classname="tests.test_prepare_pilot_dataset" name="test_exactly_one_complete_window_needs_no_tail_drop" time="0.003" /><testcase classname="tests.test_prepare_pilot_dataset" name="test_plan_rejects_duplicate_source_identity[csv]" time="0.115" /><testcase classname="tests.test_prepare_pilot_dataset" name="test_plan_rejects_duplicate_source_identity[csv_sha256]" time="0.108" /><testcase classname="tests.test_prepare_pilot_dataset" name="test_plan_rejects_duplicate_source_identity[recording_id]" time="0.111" /><testcase classname="tests.test_prepare_pilot_dataset" name="test_plan_rejects_duplicate_source_identity[metadata]" time="0.113" /><testcase classname="tests.test_prepare_pilot_dataset" name="test_plan_rejects_duplicate_source_identity[metadata_sha256]" time="0.108" /><testcase classname="tests.test_prepare_pilot_dataset" name="test_plan_rejects_changed_whole_record_split" time="0.106" /><testcase classname="tests.test_prepare_pilot_dataset" name="test_plan_rejects_missing_sensor_contract" time="0.109" /><testcase classname="tests.test_prepare_pilot_dataset" name="test_recording_rejects_csv_hash_mismatch" time="0.111" /><testcase classname="tests.test_prepare_pilot_dataset" name="test_quality_flag_before_crop_is_not_silently_discarded[gap]" time="0.164" /><testcase classname="tests.test_prepare_pilot_dataset" name="test_quality_flag_before_crop_is_not_silently_discarded[overrun]" time="0.166" /><testcase classname="tests.test_prepare_pilot_dataset" name="test_quality_flag_before_crop_is_not_silently_discarded[saturated]" time="0.168" /><testcase classname="tests.test_prepare_pilot_dataset" name="test_recording_rejects_sensor_mismatch" time="0.110" /><testcase classname="tests.test_prepare_pilot_dataset" name="test_prepare_rejects_existing_output_without_touching_it" time="0.110" /><testcase classname="tests.test_prepare_pilot_dataset" name="test_prepare_validates_all_sources_before_creating_output" time="0.151" /><testcase classname="tests.test_prepare_pilot_dataset" name="test_prepare_and_verify_preserve_sources_and_whole_record_split" time="0.333" /><testcase classname="tests.test_prepare_pilot_dataset" name="test_verify_recomputes_arrays_even_if_artifact_hash_is_updated" time="0.319" /><testcase classname="tests.test_prepare_pilot_dataset" name="test_verify_rejects_false_split_summary" time="0.322" /><testcase classname="tests.test_prepare_pilot_dataset" name="test_verify_rejects_missing_artifact_inventory" time="0.259" /><testcase classname="tests.test_prepare_pilot_dataset" name="test_verify_rejects_changed_manifest_source_identity" time="0.316" /><testcase classname="tests.test_prepare_pilot_dataset" name="test_verify_rejects_changed_array_dtype_even_with_updated_hash[train_raw_g.npy]" time="0.316" /><testcase classname="tests.test_prepare_pilot_dataset" name="test_verify_rejects_changed_array_dtype_even_with_updated_hash[validation_ac_g.npy]" time="0.321" /><testcase classname="tests.test_prepare_pilot_dataset" name="test_verify_rejects_changed_array_dtype_even_with_updated_hash[validation_labels.npy]" time="0.321" /><testcase classname="tests.test_prepare_pilot_dataset" name="test_prepare_rejects_evidence_hash_mismatch" time="0.144" /><testcase classname="tests.test_prepare_pilot_dataset" name="test_prepare_rejects_cross_boot_monotonic_origins" time="0.164" /><testcase classname="tests.test_pilot_method_comparison" name="test_raw_centering_preserves_float64_until_mean_is_removed" time="0.001" /><testcase classname="tests.test_pilot_method_comparison" name="test_raw_centering_rejects_insufficient_or_ambiguous_precision[float32]" time="0.001" /><testcase classname="tests.test_pilot_method_comparison" name="test_raw_centering_rejects_insufficient_or_ambiguous_precision[int64]" time="0.001" /><testcase classname="tests.test_pilot_method_comparison" name="test_raw_centering_rejects_insufficient_or_ambiguous_precision[float16]" time="0.001" /><testcase classname="tests.test_pilot_method_comparison" name="test_raw_centering_requires_exact_xyz_window_shape[shape0]" time="0.000" /><testcase classname="tests.test_pilot_method_comparison" name="test_raw_centering_requires_exact_xyz_window_shape[shape1]" time="0.000" /><testcase classname="tests.test_pilot_method_comparison" name="test_raw_centering_requires_exact_xyz_window_shape[shape2]" time="0.000" /><testcase classname="tests.test_pilot_method_comparison" name="test_raw_centering_requires_exact_xyz_window_shape[shape3]" time="0.000" /><testcase classname="tests.test_pilot_method_comparison" name="test_raw_centering_requires_exact_xyz_window_shape[shape4]" time="0.000" /><testcase classname="tests.test_pilot_method_comparison" name="test_raw_centering_rejects_nonfinite_values[nan]" time="0.001" /><testcase classname="tests.test_pilot_method_comparison" name="test_raw_centering_rejects_nonfinite_values[inf]" time="0.001" /><testcase classname="tests.test_pilot_method_comparison" name="test_raw_centering_rejects_nonfinite_values[-inf]" time="0.001" /><testcase classname="tests.test_pilot_method_comparison" name="test_standardization_preserves_canonical_ac_residual_without_recentering" time="0.001" /><testcase classname="tests.test_pilot_method_comparison" name="test_standardization_requires_exact_window_shape[shape0]" time="0.001" /><testcase classname="tests.test_pilot_method_comparison" name="test_standardization_requires_exact_window_shape[shape1]" time="0.000" /><testcase classname="tests.test_pilot_method_comparison" name="test_standardization_requires_exact_window_shape[shape2]" time="0.000" /><testcase classname="tests.test_pilot_method_comparison" name="test_standardization_requires_exact_window_shape[shape3]" time="0.000" /><testcase classname="tests.test_pilot_method_comparison" name="test_standardization_rejects_nonfinite_ac[nan]" time="0.000" /><testcase classname="tests.test_pilot_method_comparison" name="test_standardization_rejects_nonfinite_ac[inf]" time="0.000" /><testcase classname="tests.test_pilot_method_comparison" name="test_standardization_rejects_nonfinite_ac[-inf]" time="0.000" /><testcase classname="tests.test_pilot_method_comparison" name="test_standardization_requires_the_canonical_float32_ac_representation[float64]" time="0.000" /><testcase classname="tests.test_pilot_method_comparison" name="test_standardization_requires_the_canonical_float32_ac_representation[float16]" time="0.000" /><testcase classname="tests.test_pilot_method_comparison" name="test_standardization_requires_the_canonical_float32_ac_representation[int64]" time="0.000" /><testcase classname="tests.test_pilot_method_comparison" name="test_standardization_rejects_invalid_frozen_scaler[scale-0.0]" time="0.001" /><testcase classname="tests.test_pilot_method_comparison" name="test_standardization_rejects_invalid_frozen_scaler[scale--1.0]" time="0.001" /><testcase classname="tests.test_pilot_method_comparison" name="test_standardization_rejects_invalid_frozen_scaler[scale-nan]" time="0.001" /><testcase classname="tests.test_pilot_method_comparison" name="test_standardization_rejects_invalid_frozen_scaler[scale-inf]" time="0.001" /><testcase classname="tests.test_pilot_method_comparison" name="test_standardization_rejects_invalid_frozen_scaler[mean-nan]" time="0.001" /><testcase classname="tests.test_pilot_method_comparison" name="test_standardization_rejects_invalid_frozen_scaler[mean-inf]" time="0.001" /><testcase classname="tests.test_pilot_method_comparison" name="test_all_methods_receive_identical_standardized_ac_windows" time="0.001" /><testcase classname="tests.test_pilot_method_comparison" name="test_scorer_mutation_cannot_affect_other_methods_or_input" time="0.001" /><testcase classname="tests.test_pilot_method_comparison" name="test_frozen_threshold_uses_strict_greater_than[0.999-0-NORMAL]" time="0.001" /><testcase classname="tests.test_pilot_method_comparison" name="test_frozen_threshold_uses_strict_greater_than[1.0-0-NORMAL]" time="0.001" /><testcase classname="tests.test_pilot_method_comparison" name="test_frozen_threshold_uses_strict_greater_than[1.001-1-ANOMALY]" time="0.001" /><testcase classname="tests.test_pilot_method_comparison" name="test_nonfinite_score_is_invalid_only_for_affected_method[nan-rms]" time="0.001" /><testcase classname="tests.test_pilot_method_comparison" name="test_nonfinite_score_is_invalid_only_for_affected_method[nan-isolation_forest]" time="0.001" /><testcase classname="tests.test_pilot_method_comparison" name="test_nonfinite_score_is_invalid_only_for_affected_method[nan-tflite_autoencoder]" time="0.001" /><testcase classname="tests.test_pilot_method_comparison" name="test_nonfinite_score_is_invalid_only_for_affected_method[inf-rms]" time="0.001" /><testcase classname="tests.test_pilot_method_comparison" name="test_nonfinite_score_is_invalid_only_for_affected_method[inf-isolation_forest]" time="0.001" /><testcase classname="tests.test_pilot_method_comparison" name="test_nonfinite_score_is_invalid_only_for_affected_method[inf-tflite_autoencoder]" time="0.001" /><testcase classname="tests.test_pilot_method_comparison" name="test_nonfinite_score_is_invalid_only_for_affected_method[-inf-rms]" time="0.001" /><testcase classname="tests.test_pilot_method_comparison" name="test_nonfinite_score_is_invalid_only_for_affected_method[-inf-isolation_forest]" time="0.001" /><testcase classname="tests.test_pilot_method_comparison" name="test_nonfinite_score_is_invalid_only_for_affected_method[-inf-tflite_autoencoder]" time="0.001" /><testcase classname="tests.test_pilot_method_comparison" name="test_scorer_failure_does_not_become_normal_or_skip_remaining_methods[ValueError]" time="0.001" /><testcase classname="tests.test_pilot_method_comparison" name="test_scorer_failure_does_not_become_normal_or_skip_remaining_methods[RuntimeError]" time="0.001" /><testcase classname="tests.test_pilot_method_comparison" name="test_scorer_failure_does_not_become_normal_or_skip_remaining_methods[FloatingPointError]" time="0.001" /><testcase classname="tests.test_pilot_method_comparison" name="test_nonfinite_threshold_rejected_before_any_scoring[nan]" time="0.001" /><testcase classname="tests.test_pilot_method_comparison" name="test_nonfinite_threshold_rejected_before_any_scoring[inf]" time="0.001" /><testcase classname="tests.test_pilot_method_comparison" name="test_nonfinite_threshold_rejected_before_any_scoring[-inf]" time="0.001" /><testcase classname="tests.test_pilot_method_comparison" name="test_missing_method_configuration_rejected[scorers]" time="0.001" /><testcase classname="tests.test_pilot_method_comparison" name="test_missing_method_configuration_rejected[thresholds]" time="0.001" /><testcase classname="tests.test_pilot_method_comparison" name="test_shared_preprocessing_failure_marks_every_method_invalid_without_scoring" time="0.000" /><testcase classname="tests.test_pilot_method_comparison" name="test_audit_verifies_all_windows_without_fit_inference_or_hardware" time="1.541" /><testcase classname="tests.test_pilot_method_comparison" name="test_audit_refuses_existing_output_before_modification" time="0.252" /><testcase classname="tests.test_pilot_method_comparison" name="test_audit_rejects_changed_canonical_input_before_writing_output" time="0.256" /><testcase classname="tests.test_pilot_method_comparison" name="test_bundle_loader_checks_metadata_without_loading_any_model" time="0.005" /><testcase classname="tests.test_pilot_method_comparison" name="test_bundle_loader_rejects_changed_frozen_header" time="0.003" /><testcase classname="tests.test_pilot_method_comparison" name="test_bundle_loader_rejects_changed_model_bytes" time="0.003" /><testcase classname="tests.test_pilot_method_comparison" name="test_bundle_loader_rejects_inventory_changes[extra]" time="0.003" /><testcase classname="tests.test_pilot_method_comparison" name="test_bundle_loader_rejects_inventory_changes[removed]" time="0.003" /><testcase classname="tests.test_pilot_method_comparison" name="test_bundle_loader_rejects_inventory_changes[unlisted]" time="0.003" /><testcase classname="tests.test_pilot_method_comparison" name="test_bundle_loader_rejects_missing_required_artifact_even_if_rehashed" time="0.003" /><testcase classname="tests.test_pilot_method_comparison" name="test_bundle_loader_rejects_rehashed_incompatible_preprocessing[preprocessing_id-legacy_raw]" time="0.003" /><testcase classname="tests.test_pilot_method_comparison" name="test_bundle_loader_rejects_rehashed_incompatible_preprocessing[window_size-256]" time="0.003" /><testcase classname="tests.test_pilot_method_comparison" name="test_bundle_loader_rejects_rehashed_incompatible_preprocessing[step_size-64]" time="0.003" /><testcase classname="tests.test_pilot_method_comparison" name="test_bundle_loader_rejects_rehashed_incompatible_preprocessing[independent_test-True]" time="0.003" /><testcase classname="tests.test_pilot_method_comparison" name="test_bundle_loader_rejects_rehashed_incompatible_preprocessing[selection_seconds_since_pwm_command-value4]" time="0.003" /><testcase classname="tests.test_pilot_method_comparison" name="test_bundle_loader_rejects_wrong_dataset_anchor" time="0.004" /><testcase classname="tests.test_pilot_method_comparison" name="test_bundle_loader_rejects_runtime_code_drift_even_with_valid_artifact_hash[adapter_source.py]" time="0.004" /><testcase classname="tests.test_pilot_method_comparison" name="test_bundle_loader_rejects_runtime_code_drift_even_with_valid_artifact_hash[common_comparison_source.py]" time="0.004" /><testcase classname="tests.test_pilot_method_comparison" name="test_bundle_loader_rejects_adjusted_ae_threshold" time="0.004" /><testcase classname="tests.test_pilot_method_comparison" name="test_bundle_loader_rejects_nonfinite_threshold[nan]" time="0.003" /><testcase classname="tests.test_pilot_method_comparison" name="test_bundle_loader_rejects_nonfinite_threshold[inf]" time="0.003" /><testcase classname="tests.test_pilot_method_comparison" name="test_bundle_loader_rejects_nonfinite_threshold[-inf]" time="0.003" /><testcase classname="tests.test_pilot_method_comparison" name="test_bundle_loader_rejects_symlink_escape" time="0.004" /><testcase classname="tests.test_pilot_method_comparison" name="test_loaded_metadata_retains_source_identity_and_supports_common_metrics" time="0.334" /><testcase classname="tests.test_pilot_method_comparison" name="test_replay_keeps_models_scaler_thresholds_and_dataset_frozen" time="0.353" /><testcase classname="tests.test_pilot_training_bridge" name="test_training_payload_fits_only_training_and_preserves_split_features" time="0.334" /><testcase classname="tests.test_pilot_training_bridge" name="test_existing_training_output_is_refused_before_loading_or_fitting" time="0.001" /><testcase classname="tests.test_pilot_training_bridge" name="test_failed_stage_is_journaled_without_ready_bundle[error0]" time="0.337" /><testcase classname="tests.test_pilot_training_bridge" name="test_failed_stage_is_journaled_without_ready_bundle[error1]" time="0.337" /><testcase classname="tests.test_pilot_training_bridge" name="test_runtime_mse_or_decision_mismatch_never_commits_ready_bundle[mse_mismatch-differs from frozen Keras errors]" time="0.341" /><testcase classname="tests.test_pilot_training_bridge" name="test_runtime_mse_or_decision_mismatch_never_commits_ready_bundle[decision_mismatch-changes frozen decisions]" time="0.340" /><testcase classname="tests.test_pilot_training_bridge" name="test_mock_stage_freezes_shared_features_and_replay_never_refits" time="0.598" /><testcase classname="tests.test_pilot_training_bridge" name="test_completion_journal_failure_revokes_ready_markers_and_cannot_retry" time="0.421" /></testsuite></testsuites>