<?xml version="1.0" encoding="utf-8"?><testsuites name="pytest tests"><testsuite name="pytest" errors="0" failures="0" skipped="0" tests="46" time="4.775" timestamp="2026-09-11T14:44:16.591274+02:00" hostname="edgepi"><testcase classname="tests.test_prepare_pilot_dataset" name="test_crop_uses_command_origin_and_exact_half_open_bounds" time="0.007" /><testcase classname="tests.test_prepare_pilot_dataset" name="test_windows_preserve_source_rows_and_do_not_overlap" time="0.004" /><testcase classname="tests.test_prepare_pilot_dataset" name="test_ac_is_translation_invariant_and_centered_per_window_and_axis" time="0.006" /><testcase classname="tests.test_prepare_pilot_dataset" name="test_ac_centering_precedes_float32_quantization" time="0.002" /><testcase classname="tests.test_prepare_pilot_dataset" name="test_invalid_time_or_sample_sequence_is_rejected[duplicate_host]" time="0.002" /><testcase classname="tests.test_prepare_pilot_dataset" name="test_invalid_time_or_sample_sequence_is_rejected[reversed_host]" time="0.002" /><testcase classname="tests.test_prepare_pilot_dataset" name="test_invalid_time_or_sample_sequence_is_rejected[missing_index]" time="0.002" /><testcase classname="tests.test_prepare_pilot_dataset" name="test_invalid_time_or_sample_sequence_is_rejected[duplicate_index]" time="0.002" /><testcase classname="tests.test_prepare_pilot_dataset" name="test_nonfinite_axis_values_are_rejected[nan-x_g]" time="0.002" /><testcase classname="tests.test_prepare_pilot_dataset" name="test_nonfinite_axis_values_are_rejected[nan-y_g]" time="0.002" /><testcase classname="tests.test_prepare_pilot_dataset" name="test_nonfinite_axis_values_are_rejected[nan-z_g]" time="0.002" /><testcase classname="tests.test_prepare_pilot_dataset" name="test_nonfinite_axis_values_are_rejected[inf-x_g]" time="0.002" /><testcase classname="tests.test_prepare_pilot_dataset" name="test_nonfinite_axis_values_are_rejected[inf-y_g]" time="0.002" /><testcase classname="tests.test_prepare_pilot_dataset" name="test_nonfinite_axis_values_are_rejected[inf-z_g]" time="0.002" /><testcase classname="tests.test_prepare_pilot_dataset" name="test_nonfinite_axis_values_are_rejected[-inf-x_g]" time="0.002" /><testcase classname="tests.test_prepare_pilot_dataset" name="test_nonfinite_axis_values_are_rejected[-inf-y_g]" time="0.002" /><testcase classname="tests.test_prepare_pilot_dataset" name="test_nonfinite_axis_values_are_rejected[-inf-z_g]" time="0.002" /><testcase classname="tests.test_prepare_pilot_dataset" name="test_missing_complete_window_is_rejected[0]" time="0.002" /><testcase classname="tests.test_prepare_pilot_dataset" name="test_missing_complete_window_is_rejected[1]" time="0.002" /><testcase classname="tests.test_prepare_pilot_dataset" name="test_missing_complete_window_is_rejected[127]" time="0.002" /><testcase classname="tests.test_prepare_pilot_dataset" name="test_empty_command_relative_selection_is_rejected" time="0.002" /><testcase classname="tests.test_prepare_pilot_dataset" name="test_exactly_one_complete_window_needs_no_tail_drop" time="0.007" /><testcase classname="tests.test_prepare_pilot_dataset" name="test_plan_rejects_duplicate_source_identity[csv]" time="0.106" /><testcase classname="tests.test_prepare_pilot_dataset" name="test_plan_rejects_duplicate_source_identity[csv_sha256]" time="0.103" /><testcase classname="tests.test_prepare_pilot_dataset" name="test_plan_rejects_duplicate_source_identity[recording_id]" time="0.103" /><testcase classname="tests.test_prepare_pilot_dataset" name="test_plan_rejects_duplicate_source_identity[metadata]" time="0.103" /><testcase classname="tests.test_prepare_pilot_dataset" name="test_plan_rejects_duplicate_source_identity[metadata_sha256]" time="0.103" /><testcase classname="tests.test_prepare_pilot_dataset" name="test_plan_rejects_changed_whole_record_split" time="0.103" /><testcase classname="tests.test_prepare_pilot_dataset" name="test_plan_rejects_missing_sensor_contract" time="0.102" /><testcase classname="tests.test_prepare_pilot_dataset" name="test_recording_rejects_csv_hash_mismatch" time="0.103" /><testcase classname="tests.test_prepare_pilot_dataset" name="test_quality_flag_before_crop_is_not_silently_discarded[gap]" time="0.156" /><testcase classname="tests.test_prepare_pilot_dataset" name="test_quality_flag_before_crop_is_not_silently_discarded[overrun]" time="0.158" /><testcase classname="tests.test_prepare_pilot_dataset" name="test_quality_flag_before_crop_is_not_silently_discarded[saturated]" time="0.160" /><testcase classname="tests.test_prepare_pilot_dataset" name="test_recording_rejects_sensor_mismatch" time="0.104" /><testcase classname="tests.test_prepare_pilot_dataset" name="test_prepare_rejects_existing_output_without_touching_it" time="0.105" /><testcase classname="tests.test_prepare_pilot_dataset" name="test_prepare_validates_all_sources_before_creating_output" time="0.141" /><testcase classname="tests.test_prepare_pilot_dataset" name="test_prepare_and_verify_preserve_sources_and_whole_record_split" time="0.318" /><testcase classname="tests.test_prepare_pilot_dataset" name="test_verify_recomputes_arrays_even_if_artifact_hash_is_updated" time="0.315" /><testcase classname="tests.test_prepare_pilot_dataset" name="test_verify_rejects_false_split_summary" time="0.318" /><testcase classname="tests.test_prepare_pilot_dataset" name="test_verify_rejects_missing_artifact_inventory" time="0.247" /><testcase classname="tests.test_prepare_pilot_dataset" name="test_verify_rejects_changed_manifest_source_identity" time="0.314" /><testcase classname="tests.test_prepare_pilot_dataset" name="test_verify_rejects_changed_array_dtype_even_with_updated_hash[train_raw_g.npy]" time="0.311" /><testcase classname="tests.test_prepare_pilot_dataset" name="test_verify_rejects_changed_array_dtype_even_with_updated_hash[validation_ac_g.npy]" time="0.315" /><testcase classname="tests.test_prepare_pilot_dataset" name="test_verify_rejects_changed_array_dtype_even_with_updated_hash[validation_labels.npy]" time="0.316" /><testcase classname="tests.test_prepare_pilot_dataset" name="test_prepare_rejects_evidence_hash_mismatch" time="0.142" /><testcase classname="tests.test_prepare_pilot_dataset" name="test_prepare_rejects_cross_boot_monotonic_origins" time="0.161" /></testsuite></testsuites>